<?xml version="1.0" encoding="UTF-8"?>
<testng-results ignored="0" total="2" passed="2" failed="0" skipped="0">
  <reporter-output>
    <line>
      <![CDATA[Opening Filpkart]]>
    </line>
    <line>
      <![CDATA[Opening Amazon]]>
    </line>
  </reporter-output>
  <suite started-at="2023-08-07T20:23:16 IST" name="Suite" finished-at="2023-08-07T20:23:44 IST" duration-ms="28672">
    <groups>
    </groups>
    <test started-at="2023-08-07T20:23:16 IST" name="Test" finished-at="2023-08-07T20:23:44 IST" duration-ms="28672">
      <class name="onlineShopping.Flipkart">
        <test-method signature="flipkart()[pri:0, instance:onlineShopping.Flipkart@647e447]" started-at="2023-08-07T20:23:16 IST" name="flipkart" finished-at="2023-08-07T20:23:30 IST" duration-ms="14548" status="PASS">
          <reporter-output>
            <line>
              <![CDATA[Opening Filpkart]]>
            </line>
          </reporter-output>
        </test-method> <!-- flipkart -->
      </class> <!-- onlineShopping.Flipkart -->
      <class name="onlineShopping.Amazon">
        <test-method signature="f()[pri:0, instance:onlineShopping.Amazon@2ef3eef9]" started-at="2023-08-07T20:23:30 IST" name="f" finished-at="2023-08-07T20:23:44 IST" duration-ms="14034" status="PASS">
          <reporter-output>
            <line>
              <![CDATA[Opening Amazon]]>
            </line>
          </reporter-output>
        </test-method> <!-- f -->
      </class> <!-- onlineShopping.Amazon -->
    </test> <!-- Test -->
  </suite> <!-- Suite -->
</testng-results>
